{"C:\\Users\\Arthur.vanAarsse_nsp\\Documents\\Katas\\Kata_SpinWords\\src\\template.js": {"path":"C:\\Users\\Arthur.vanAarsse_nsp\\Documents\\Katas\\Kata_SpinWords\\src\\template.js","statementMap":{"0":{"start":{"line":2,"column":4},"end":{"line":2,"column":28}},"1":{"start":{"line":6,"column":4},"end":{"line":6,"column":33}},"2":{"start":{"line":7,"column":30},"end":{"line":7,"column":51}},"3":{"start":{"line":8,"column":4},"end":{"line":8,"column":40}},"4":{"start":{"line":12,"column":4},"end":{"line":15,"column":19}},"5":{"start":{"line":13,"column":8},"end":{"line":13,"column":33}},"6":{"start":{"line":15,"column":8},"end":{"line":15,"column":19}},"7":{"start":{"line":18,"column":16},"end":{"line":18,"column":35}},"8":{"start":{"line":19,"column":4},"end":{"line":19,"column":17}},"9":{"start":{"line":23,"column":16},"end":{"line":23,"column":48}},"10":{"start":{"line":24,"column":23},"end":{"line":24,"column":25}},"11":{"start":{"line":26,"column":4},"end":{"line":28,"column":5}},"12":{"start":{"line":27,"column":8},"end":{"line":27,"column":48}},"13":{"start":{"line":30,"column":4},"end":{"line":30,"column":34}},"14":{"start":{"line":33,"column":0},"end":{"line":39,"column":1}}},"fnMap":{"0":{"name":"doesWordContain5OrMoreLetters","decl":{"start":{"line":1,"column":9},"end":{"line":1,"column":38}},"loc":{"start":{"line":1,"column":45},"end":{"line":3,"column":1}},"line":1},"1":{"name":"reverseWord","decl":{"start":{"line":5,"column":9},"end":{"line":5,"column":20}},"loc":{"start":{"line":5,"column":27},"end":{"line":9,"column":1}},"line":5},"2":{"name":"ReverseBigWord","decl":{"start":{"line":11,"column":9},"end":{"line":11,"column":23}},"loc":{"start":{"line":11,"column":30},"end":{"line":16,"column":1}},"line":11},"3":{"name":"splitSentenceIntoWords","decl":{"start":{"line":17,"column":9},"end":{"line":17,"column":31}},"loc":{"start":{"line":17,"column":42},"end":{"line":20,"column":1}},"line":17},"4":{"name":"spinWords","decl":{"start":{"line":22,"column":9},"end":{"line":22,"column":18}},"loc":{"start":{"line":22,"column":29},"end":{"line":31,"column":1}},"line":22}},"branchMap":{"0":{"loc":{"start":{"line":12,"column":4},"end":{"line":15,"column":19}},"type":"if","locations":[{"start":{"line":12,"column":4},"end":{"line":15,"column":19}},{"start":{"line":15,"column":8},"end":{"line":15,"column":19}}],"line":12}},"s":{"0":18,"1":7,"2":7,"3":7,"4":14,"5":5,"6":9,"7":6,"8":6,"9":3,"10":3,"11":3,"12":11,"13":3,"14":1},"f":{"0":18,"1":7,"2":14,"3":6,"4":3},"b":{"0":[5,9]},"_coverageSchema":"1a1c01bbd47fc00a2c39e90264f33305004495a9","hash":"8a2e5f435b6a95f5efa1a02b6b042cb470dd543c"}
}
