{"C:\\Users\\Arthur.vanAarsse_nsp\\Documents\\Katas\\Kata_SpinWords\\src\\template.js": {"path":"C:\\Users\\Arthur.vanAarsse_nsp\\Documents\\Katas\\Kata_SpinWords\\src\\template.js","statementMap":{"0":{"start":{"line":2,"column":4},"end":{"line":2,"column":28}},"1":{"start":{"line":6,"column":4},"end":{"line":6,"column":33}},"2":{"start":{"line":7,"column":30},"end":{"line":7,"column":51}},"3":{"start":{"line":8,"column":4},"end":{"line":8,"column":40}},"4":{"start":{"line":11,"column":0},"end":{"line":14,"column":1}}},"fnMap":{"0":{"name":"doesWordContain5OrMoreLetters","decl":{"start":{"line":1,"column":9},"end":{"line":1,"column":38}},"loc":{"start":{"line":1,"column":45},"end":{"line":3,"column":1}},"line":1},"1":{"name":"reverseWord","decl":{"start":{"line":5,"column":9},"end":{"line":5,"column":20}},"loc":{"start":{"line":5,"column":27},"end":{"line":9,"column":1}},"line":5}},"branchMap":{},"s":{"0":4,"1":2,"2":2,"3":2,"4":1},"f":{"0":4,"1":2},"b":{},"_coverageSchema":"1a1c01bbd47fc00a2c39e90264f33305004495a9","hash":"7459b4b34814f98e1f2605e60529fd4eeec44b66"}
}
